# JRE version: OpenJDK Runtime Environment (8.0_212-b04) (build 1.8.0_212-release-1586-b04)
# Java VM: OpenJDK 64-Bit Server VM (25.212-b04 mixed mode windows-amd64 compressed oops)
Heap:
 PSYoungGen      total 230400K, used 186774K [0x00000000d5580000, 0x00000000e5b00000, 0x0000000100000000)
  eden space 206336K, 78% used [0x00000000d5580000,0x00000000df46a238,0x00000000e1f00000)
  from space 24064K, 99% used [0x00000000e2400000,0x00000000e3b7b640,0x00000000e3b80000)
  to   space 30720K, 0% used [0x00000000e3d00000,0x00000000e3d00000,0x00000000e5b00000)
 ParOldGen       total 236544K, used 47239K [0x0000000080000000, 0x000000008e700000, 0x00000000d5580000)
  object space 236544K, 19% used [0x0000000080000000,0x0000000082e21da8,0x000000008e700000)
 Metaspace       used 87425K, capacity 92316K, committed 92544K, reserved 1130496K
  class space    used 11489K, capacity 12412K, committed 12416K, reserved 1048576K
GC Heap History (10 events):
Event: 8.737 GC heap before
{Heap before GC invocations=12 (full 2):
 PSYoungGen      total 164864K, used 81989K [0x00000000d5580000, 0x00000000e2b80000, 0x0000000100000000)
  eden space 152576K, 45% used [0x00000000d5580000,0x00000000d9994188,0x00000000dea80000)
  from space 12288K, 99% used [0x00000000dea80000,0x00000000df67d300,0x00000000df680000)
  to   space 16896K, 0% used [0x00000000e1b00000,0x00000000e1b00000,0x00000000e2b80000)
 ParOldGen       total 157184K, used 23147K [0x0000000080000000, 0x0000000089980000, 0x00000000d5580000)
  object space 157184K, 14% used [0x0000000080000000,0x000000008169aee8,0x0000000089980000)
 Metaspace       used 56819K, capacity 59066K, committed 59160K, reserved 1099776K
  class space    used 7501K, capacity 7988K, committed 8064K, reserved 1048576K
Event: 8.752 GC heap after
Heap after GC invocations=12 (full 2):
 PSYoungGen      total 199680K, used 16877K [0x00000000d5580000, 0x00000000e3b00000, 0x0000000100000000)
  eden space 182784K, 0% used [0x00000000d5580000,0x00000000d5580000,0x00000000e0800000)
  from space 16896K, 99% used [0x00000000e1b00000,0x00000000e2b7b600,0x00000000e2b80000)
  to   space 19456K, 0% used [0x00000000e0800000,0x00000000e0800000,0x00000000e1b00000)
 ParOldGen       total 157184K, used 25147K [0x0000000080000000, 0x0000000089980000, 0x00000000d5580000)
  object space 157184K, 15% used [0x0000000080000000,0x000000008188ed00,0x0000000089980000)
 Metaspace       used 56819K, capacity 59066K, committed 59160K, reserved 1099776K
  class space    used 7501K, capacity 7988K, committed 8064K, reserved 1048576K
}
Event: 8.752 GC heap before
{Heap before GC invocations=13 (full 3):
 PSYoungGen      total 199680K, used 16877K [0x00000000d5580000, 0x00000000e3b00000, 0x0000000100000000)
  eden space 182784K, 0% used [0x00000000d5580000,0x00000000d5580000,0x00000000e0800000)
  from space 16896K, 99% used [0x00000000e1b00000,0x00000000e2b7b600,0x00000000e2b80000)
  to   space 19456K, 0% used [0x00000000e0800000,0x00000000e0800000,0x00000000e1b00000)
 ParOldGen       total 157184K, used 25147K [0x0000000080000000, 0x0000000089980000, 0x00000000d5580000)
  object space 157184K, 15% used [0x0000000080000000,0x000000008188ed00,0x0000000089980000)
 Metaspace       used 56819K, capacity 59066K, committed 59160K, reserved 1099776K
  class space    used 7501K, capacity 7988K, committed 8064K, reserved 1048576K
Event: 8.953 GC heap after
Heap after GC invocations=13 (full 3):
 PSYoungGen      total 199680K, used 0K [0x00000000d5580000, 0x00000000e3b00000, 0x0000000100000000)
  eden space 182784K, 0% used [0x00000000d5580000,0x00000000d5580000,0x00000000e0800000)
  from space 16896K, 0% used [0x00000000e1b00000,0x00000000e1b00000,0x00000000e2b80000)
  to   space 19456K, 0% used [0x00000000e0800000,0x00000000e0800000,0x00000000e1b00000)
 ParOldGen       total 236544K, used 32704K [0x0000000080000000, 0x000000008e700000, 0x00000000d5580000)
  object space 236544K, 13% used [0x0000000080000000,0x0000000081ff00e0,0x000000008e700000)
 Metaspace       used 56765K, capacity 58894K, committed 59160K, reserved 1099776K
  class space    used 7486K, capacity 7965K, committed 8064K, reserved 1048576K
}
Event: 10.475 GC heap before
{Heap before GC invocations=14 (full 3):
 PSYoungGen      total 199680K, used 182784K [0x00000000d5580000, 0x00000000e3b00000, 0x0000000100000000)
  eden space 182784K, 100% used [0x00000000d5580000,0x00000000e0800000,0x00000000e0800000)
  from space 16896K, 0% used [0x00000000e1b00000,0x00000000e1b00000,0x00000000e2b80000)
  to   space 19456K, 0% used [0x00000000e0800000,0x00000000e0800000,0x00000000e1b00000)
 ParOldGen       total 236544K, used 32704K [0x0000000080000000, 0x000000008e700000, 0x00000000d5580000)
  object space 236544K, 13% used [0x0000000080000000,0x0000000081ff00e0,0x000000008e700000)
 Metaspace       used 65512K, capacity 68082K, committed 68224K, reserved 1107968K
  class space    used 8839K, capacity 9320K, committed 9344K, reserved 1048576K
Event: 10.486 GC heap after
Heap after GC invocations=14 (full 3):
 PSYoungGen      total 202240K, used 14444K [0x00000000d5580000, 0x00000000e4f00000, 0x0000000100000000)
  eden space 182784K, 0% used [0x00000000d5580000,0x00000000d5580000,0x00000000e0800000)
  from space 19456K, 74% used [0x00000000e0800000,0x00000000e161b188,0x00000000e1b00000)
  to   space 19968K, 0% used [0x00000000e3b80000,0x00000000e3b80000,0x00000000e4f00000)
 ParOldGen       total 236544K, used 32712K [0x0000000080000000, 0x000000008e700000, 0x00000000d5580000)
  object space 236544K, 13% used [0x0000000080000000,0x0000000081ff20e0,0x000000008e700000)
 Metaspace       used 65512K, capacity 68082K, committed 68224K, reserved 1107968K
  class space    used 8839K, capacity 9320K, committed 9344K, reserved 1048576K
}
Event: 11.905 GC heap before
{Heap before GC invocations=15 (full 3):
 PSYoungGen      total 202240K, used 197228K [0x00000000d5580000, 0x00000000e4f00000, 0x0000000100000000)
  eden space 182784K, 100% used [0x00000000d5580000,0x00000000e0800000,0x00000000e0800000)
  from space 19456K, 74% used [0x00000000e0800000,0x00000000e161b188,0x00000000e1b00000)
  to   space 19968K, 0% used [0x00000000e3b80000,0x00000000e3b80000,0x00000000e4f00000)
 ParOldGen       total 236544K, used 32712K [0x0000000080000000, 0x000000008e700000, 0x00000000d5580000)
  object space 236544K, 13% used [0x0000000080000000,0x0000000081ff20e0,0x000000008e700000)
 Metaspace       used 74908K, capacity 78842K, committed 79104K, reserved 1118208K
  class space    used 10174K, capacity 10884K, committed 11008K, reserved 1048576K
Event: 11.918 GC heap after
Heap after GC invocations=15 (full 3):
 PSYoungGen      total 231424K, used 19943K [0x00000000d5580000, 0x00000000e5600000, 0x0000000100000000)
  eden space 211456K, 0% used [0x00000000d5580000,0x00000000d5580000,0x00000000e2400000)
  from space 19968K, 99% used [0x00000000e3b80000,0x00000000e4ef9e00,0x00000000e4f00000)
  to   space 24064K, 0% used [0x00000000e2400000,0x00000000e2400000,0x00000000e3b80000)
 ParOldGen       total 236544K, used 37432K [0x0000000080000000, 0x000000008e700000, 0x00000000d5580000)
  object space 236544K, 15% used [0x0000000080000000,0x000000008248e3b0,0x000000008e700000)
 Metaspace       used 74908K, capacity 78842K, committed 79104K, reserved 1118208K
  class space    used 10174K, capacity 10884K, committed 11008K, reserved 1048576K
}
Event: 3119.379 GC heap before
{Heap before GC invocations=16 (full 3):
 PSYoungGen      total 231424K, used 231399K [0x00000000d5580000, 0x00000000e5600000, 0x0000000100000000)
  eden space 211456K, 100% used [0x00000000d5580000,0x00000000e2400000,0x00000000e2400000)
  from space 19968K, 99% used [0x00000000e3b80000,0x00000000e4ef9e00,0x00000000e4f00000)
  to   space 24064K, 0% used [0x00000000e2400000,0x00000000e2400000,0x00000000e3b80000)
 ParOldGen       total 236544K, used 37432K [0x0000000080000000, 0x000000008e700000, 0x00000000d5580000)
  object space 236544K, 15% used [0x0000000080000000,0x000000008248e3b0,0x000000008e700000)
 Metaspace       used 84189K, capacity 88804K, committed 89088K, reserved 1126400K
  class space    used 11100K, capacity 11964K, committed 12032K, reserved 1048576K
Event: 3119.476 GC heap after
Heap after GC invocations=16 (full 3):
 PSYoungGen      total 230400K, used 24045K [0x00000000d5580000, 0x00000000e5b00000, 0x0000000100000000)
  eden space 206336K, 0% used [0x00000000d5580000,0x00000000d5580000,0x00000000e1f00000)
  from space 24064K, 99% used [0x00000000e2400000,0x00000000e3b7b640,0x00000000e3b80000)
  to   space 30720K, 0% used [0x00000000e3d00000,0x00000000e3d00000,0x00000000e5b00000)
 ParOldGen       total 236544K, used 47239K [0x0000000080000000, 0x000000008e700000, 0x00000000d5580000)
  object space 236544K, 19% used [0x0000000080000000,0x0000000082e21da8,0x000000008e700000)
 Metaspace       used 84189K, capacity 88804K, committed 89088K, reserved 1126400K
  class space    used 11100K, capacity 11964K, committed 12032K, reserved 1048576K
}

